C51 COMPILER V9.56.0.0   SMARTHOME                                                         09/18/2021 13:46:12 PAGE 1   


C51 COMPILER V9.56.0.0, COMPILATION OF MODULE SMARTHOME
OBJECT MODULE PLACED IN .\Objects\smarthome.obj
COMPILER INVOKED BY: C:\Keil_v5\C51\BIN\C51.EXE smarthome.c OPTIMIZE(8,SPEED) BROWSE DEBUG OBJECTEXTEND PRINT(.\Listings
                    -\smarthome.lst) TABS(2) OBJECT(.\Objects\smarthome.obj)

line level    source

   1          #include<reg51.h>
   2          sbit load1=P1^0;
   3          sbit load2=P1^1;
   4          sbit load3=P1^2;
   5          sbit load4=P1^3;
   6          
   7          void main()
   8          
   9          {
  10   1      unsigned char x;  
  11   1      
  12   1      SCON=0x50;
  13   1      TMOD=0x20;
  14   1      TH1=-3;
  15   1      TR1=1;
  16   1        
  17   1      while(1)
  18   1      {
  19   2      while(RI==0);
  20   2      SBUF=x;
  21   2      x=SBUF;
  22   2      while(TI==1)
  23   2        
  24   2      TI=0;
  25   2      RI=0;
  26   2      if(x=='1')
  27   2      {
  28   3      load1=1;
  29   3      }
  30   2      if(x=='2')
  31   2      {
  32   3      load1=0;
  33   3      }
  34   2      if(x=='3')
  35   2      {
  36   3      load2=1;
  37   3      }
  38   2      if(x=='4')
  39   2      {
  40   3      load2=0;
  41   3      }
  42   2      if(x=='5')
  43   2      {
  44   3      load3=1;
  45   3      }
  46   2      if(x=='6')
  47   2      {
  48   3      load3=0;
  49   3      }
  50   2      if(x=='7')
  51   2      {
  52   3      load4=1;
  53   3      }
  54   2      if(x=='8')
C51 COMPILER V9.56.0.0   SMARTHOME                                                         09/18/2021 13:46:12 PAGE 2   

  55   2      {
  56   3      load4=0;
  57   3      }
  58   2      if(x=='0')
  59   2      {
  60   3      load1=load2=load3=load4=0;
  61   3      }
  62   2      if (x=='9')
  63   2      {
  64   3      load1=load2=load3=load4=1;
  65   3      }
  66   2      }
  67   1      }


MODULE INFORMATION:   STATIC OVERLAYABLE
   CODE SIZE        =     91    ----
   CONSTANT SIZE    =   ----    ----
   XDATA SIZE       =   ----    ----
   PDATA SIZE       =   ----    ----
   DATA SIZE        =   ----    ----
   IDATA SIZE       =   ----    ----
   BIT SIZE         =   ----    ----
END OF MODULE INFORMATION.


C51 COMPILATION COMPLETE.  0 WARNING(S),  0 ERROR(S)
